<?xml version="1.0" encoding="UTF-8"?>
<!-- Generated by org.testng.reporters.JUnitXMLReporter -->
<testsuite hostname="DESKTOP-MVPCIE6" ignored="0" name="firefox Test" tests="4" failures="0" timestamp="2021-07-21T23:57:45 IST" time="6.143" errors="0">
  <testcase name="@BeforeTest launchBrowser" time="3.927" classname="org.testPack.TestHomePage">
    <failure type="org.openqa.selenium.WebDriverException" message="Process unexpectedly closed with status 0
Build info: version: &amp;apos;3.141.59&amp;apos;, revision: &amp;apos;e82be7d358&amp;apos;, time: &amp;apos;2018-11-14T08:17:03&amp;apos;
System info: host: &amp;apos;DESKTOP-MVPCIE6&amp;apos;, ip: &amp;apos;192.168.43.194&amp;apos;, os.name: &amp;apos;Windows 10&amp;apos;, os.arch: &amp;apos;amd64&amp;apos;, os.version: &amp;apos;10.0&amp;apos;, java.version: &amp;apos;1.8.0_291&amp;apos;
Driver info: driver.version: FirefoxDriver
remote stacktrace: ">
      <![CDATA[org.openqa.selenium.WebDriverException: Process unexpectedly closed with status 0
Build info: version: '3.141.59', revision: 'e82be7d358', time: '2018-11-14T08:17:03'
System info: host: 'DESKTOP-MVPCIE6', ip: '192.168.43.194', os.name: 'Windows 10', os.arch: 'amd64', os.version: '10.0', java.version: '1.8.0_291'
Driver info: driver.version: FirefoxDriver
remote stacktrace: 
at org.openqa.selenium.remote.W3CHandshakeResponse.lambda$errorHandler$0(W3CHandshakeResponse.java:62)
at org.openqa.selenium.remote.HandshakeResponse.lambda$getResponseFunction$0(HandshakeResponse.java:30)
at org.openqa.selenium.remote.ProtocolHandshake.lambda$createSession$0(ProtocolHandshake.java:126)
at java.util.stream.ReferencePipeline$3$1.accept(Unknown Source)
at java.util.Spliterators$ArraySpliterator.tryAdvance(Unknown Source)
at java.util.stream.ReferencePipeline.forEachWithCancel(Unknown Source)
at java.util.stream.AbstractPipeline.copyIntoWithCancel(Unknown Source)
at java.util.stream.AbstractPipeline.copyInto(Unknown Source)
at java.util.stream.AbstractPipeline.wrapAndCopyInto(Unknown Source)
at java.util.stream.FindOps$FindOp.evaluateSequential(Unknown Source)
at java.util.stream.AbstractPipeline.evaluate(Unknown Source)
at java.util.stream.ReferencePipeline.findFirst(Unknown Source)
at org.openqa.selenium.remote.ProtocolHandshake.createSession(ProtocolHandshake.java:128)
at org.openqa.selenium.remote.ProtocolHandshake.createSession(ProtocolHandshake.java:74)
at org.openqa.selenium.remote.HttpCommandExecutor.execute(HttpCommandExecutor.java:136)
at org.openqa.selenium.remote.service.DriverCommandExecutor.execute(DriverCommandExecutor.java:83)
at org.openqa.selenium.remote.RemoteWebDriver.execute(RemoteWebDriver.java:552)
at org.openqa.selenium.remote.RemoteWebDriver.startSession(RemoteWebDriver.java:213)
at org.openqa.selenium.remote.RemoteWebDriver.<init>(RemoteWebDriver.java:131)
at org.openqa.selenium.firefox.FirefoxDriver.<init>(FirefoxDriver.java:147)
at org.openqa.selenium.firefox.FirefoxDriver.<init>(FirefoxDriver.java:125)
at org.testPack.TestHomePage.launchBrowser(TestHomePage.java:43)
at java.util.concurrent.FutureTask.run(Unknown Source)
at java.util.concurrent.ThreadPoolExecutor.runWorker(Unknown Source)
at java.util.concurrent.ThreadPoolExecutor$Worker.run(Unknown Source)
at java.lang.Thread.run(Unknown Source)
... Removed 19 stack frames]]>
    </failure>
  </testcase> <!-- @BeforeTest launchBrowser -->
  <testcase name="@BeforeClass OpenUrl" time="-1.626892065744E9" classname="org.testPack.Groww">
    <skipped/>
  </testcase> <!-- @BeforeClass OpenUrl -->
  <testcase name="@BeforeClass openURl" time="-1.626892065768E9" classname="org.testPack.TestHomePage">
    <skipped/>
  </testcase> <!-- @BeforeClass openURl -->
  <testcase name="@AfterClass closeURL" time="-1.626892065776E9" classname="org.testPack.TestHomePage">
    <skipped/>
  </testcase> <!-- @AfterClass closeURL -->
  <testcase name="@AfterTest closeBrowser" time="-1.626892065776E9" classname="org.testPack.TestHomePage">
    <skipped/>
  </testcase> <!-- @AfterTest closeBrowser -->
  <testcase name="Login" time="0.0" classname="org.testPack.Groww">
    <skipped/>
  </testcase> <!-- Login -->
  <testcase name="verifyInvestmentIsPresentOntheScreen" time="0.0" classname="org.testPack.Groww">
    <skipped/>
  </testcase> <!-- verifyInvestmentIsPresentOntheScreen -->
  <testcase name="homePagee" time="0.0" classname="org.testPack.TestHomePage">
    <skipped/>
  </testcase> <!-- homePagee -->
  <testcase name="verifyProceedToPayButton" time="0.0" classname="org.testPack.TestHomePage">
    <skipped/>
  </testcase> <!-- verifyProceedToPayButton -->
</testsuite> <!-- firefox Test -->
