<?xml version="1.0" encoding="UTF-8"?>
<!-- Generated by org.testng.reporters.JUnitXMLReporter -->
<testsuite hostname="DESKTOP-MVPCIE6" ignored="0" name="Default test" tests="2" failures="0" timestamp="2021-07-22T00:23:43 IST" time="0.054" errors="0">
  <testcase name="@BeforeTest launchBrowser" time="-1.626893623479E9" classname="org.testPack.TestHomePage">
    <failure type="org.testng.TestNGException" message="
Parameter &amp;apos;browser&amp;apos; is required by BeforeTest on method launchBrowser but has not been marked @Optional or defined
in C:\Users\admin\AppData\Local\Temp\testng-eclipse--760258601\testng-customsuite.xml">
      <![CDATA[org.testng.TestNGException: 
Parameter 'browser' is required by BeforeTest on method launchBrowser but has not been marked @Optional or defined
in C:\Users\admin\AppData\Local\Temp\testng-eclipse--760258601\testng-customsuite.xml
at org.testng.internal.Parameters.createParams(Parameters.java:270)
at org.testng.internal.Parameters.createParametersForMethod(Parameters.java:358)
at org.testng.internal.Parameters.createParameters(Parameters.java:700)
at org.testng.internal.Parameters.createConfigurationParameters(Parameters.java:168)
at org.testng.internal.ConfigInvoker.invokeConfigurations(ConfigInvoker.java:302)
at org.testng.TestRunner.invokeTestConfigurations(TestRunner.java:637)
at org.testng.TestRunner.beforeRun(TestRunner.java:627)
at org.testng.TestRunner.run(TestRunner.java:589)
at org.testng.SuiteRunner.runTest(SuiteRunner.java:377)
at org.testng.SuiteRunner.runSequentially(SuiteRunner.java:371)
at org.testng.SuiteRunner.privateRun(SuiteRunner.java:332)
at org.testng.SuiteRunner.run(SuiteRunner.java:276)
at org.testng.SuiteRunnerWorker.runSuite(SuiteRunnerWorker.java:53)
at org.testng.SuiteRunnerWorker.run(SuiteRunnerWorker.java:96)
at org.testng.TestNG.runSuitesSequentially(TestNG.java:1212)
at org.testng.TestNG.runSuitesLocally(TestNG.java:1134)
at org.testng.TestNG.runSuites(TestNG.java:1063)
at org.testng.TestNG.run(TestNG.java:1031)
at org.testng.remote.AbstractRemoteTestNG.run(AbstractRemoteTestNG.java:115)
at org.testng.remote.RemoteTestNG.initAndRun(RemoteTestNG.java:251)
at org.testng.remote.RemoteTestNG.main(RemoteTestNG.java:77)
]]>
    </failure>
  </testcase> <!-- @BeforeTest launchBrowser -->
  <testcase name="@BeforeClass openURl" time="-1.626893623502E9" classname="org.testPack.TestHomePage">
    <skipped/>
  </testcase> <!-- @BeforeClass openURl -->
  <testcase name="@AfterClass closeURL" time="-1.626893623523E9" classname="org.testPack.TestHomePage">
    <skipped/>
  </testcase> <!-- @AfterClass closeURL -->
  <testcase name="@AfterTest closeBrowser" time="-1.62689362353E9" classname="org.testPack.TestHomePage">
    <skipped/>
  </testcase> <!-- @AfterTest closeBrowser -->
  <testcase name="homePagee" time="0.0" classname="org.testPack.TestHomePage">
    <skipped/>
  </testcase> <!-- homePagee -->
  <testcase name="verifyProceedToPayButton" time="0.0" classname="org.testPack.TestHomePage">
    <skipped/>
  </testcase> <!-- verifyProceedToPayButton -->
</testsuite> <!-- Default test -->
